app/build/outputs/logs/manifest-merger-debug-report.txt
-- Merging decision tree log ---
manifest
ADDED from src/main/AndroidManifest.xml:16:1-101:12
	package
		ADDED from src/main/AndroidManifest.xml:17:5-39
		INJECTED from src/main/AndroidManifest.xml
		INJECTED from src/main/AndroidManifest.xml
	android:versionName
		ADDED from src/main/AndroidManifest.xml:19:5-32
		INJECTED from src/main/AndroidManifest.xml
		INJECTED from src/main/AndroidManifest.xml
	android:versionCode
		ADDED from src/main/AndroidManifest.xml:18:5-29
		INJECTED from src/main/AndroidManifest.xml
		INJECTED from src/main/AndroidManifest.xml
	xmlns:android
		ADDED from src/main/AndroidManifest.xml:16:11-69
uses-sdk
ADDED from src/main/AndroidManifest.xml:21:5-23:41
MERGED from [com.android.support:support-v4:24.0.0] AndroidManifest.xml:21:5-23:54
	tools:overrideLibrary
		ADDED from [com.android.support:support-v4:24.0.0] AndroidManifest.xml:23:9-51
	android:targetSdkVersion
		ADDED from src/main/AndroidManifest.xml:23:9-38
		INJECTED from src/main/AndroidManifest.xml
		INJECTED from src/main/AndroidManifest.xml
	android:minSdkVersion
		ADDED from src/main/AndroidManifest.xml:22:9-35
		INJECTED from src/main/AndroidManifest.xml
		INJECTED from src/main/AndroidManifest.xml
uses-permission#android.permission.BLUETOOTH
ADDED from src/main/AndroidManifest.xml:25:5-68
	android:name
		ADDED from src/main/AndroidManifest.xml:25:22-65
uses-permission#android.permission.BLUETOOTH_ADMIN
ADDED from src/main/AndroidManifest.xml:26:5-74
	android:name
		ADDED from src/main/AndroidManifest.xml:26:22-71
uses-permission#android.permission.READ_PHONE_STATE
ADDED from src/main/AndroidManifest.xml:28:5-75
	android:name
		ADDED from src/main/AndroidManifest.xml:28:22-72
uses-permission#android.permission.RECEIVE_BOOT_COMPLETED
ADDED from src/main/AndroidManifest.xml:29:5-81
	android:name
		ADDED from src/main/AndroidManifest.xml:29:22-78
uses-permission#android.permission.PROCESS_OUTGOING_CALLS
ADDED from src/main/AndroidManifest.xml:30:5-81
	android:name
		ADDED from src/main/AndroidManifest.xml:30:22-78
uses-permission#android.permission.RECEIVE_SMS
ADDED from src/main/AndroidManifest.xml:32:5-70
	android:name
		ADDED from src/main/AndroidManifest.xml:32:22-67
uses-permission#android.permission.SEND_SMS
ADDED from src/main/AndroidManifest.xml:33:5-67
	android:name
		ADDED from src/main/AndroidManifest.xml:33:22-64
android:uses-permission#android.permission.WRITE_EXTERNAL_STORAGE
ADDED from src/main/AndroidManifest.xml:35:5-89
	android:name
		ADDED from src/main/AndroidManifest.xml:35:30-86
android:uses-permission#android.permission.READ_EXTERNAL_STORAGE
ADDED from src/main/AndroidManifest.xml:36:5-88
	android:name
		ADDED from src/main/AndroidManifest.xml:36:30-85
application
ADDED from src/main/AndroidManifest.xml:38:5-99:19
MERGED from [com.android.support:support-v4:24.0.0] AndroidManifest.xml:25:5-20
	android:label
		ADDED from src/main/AndroidManifest.xml:40:9-41
	android:icon
		ADDED from src/main/AndroidManifest.xml:39:9-43
	android:theme
		ADDED from src/main/AndroidManifest.xml:41:9-56
activity#com.nordicsemi.User.AppStart
ADDED from src/main/AndroidManifest.xml:42:9-52:20
	android:label
		ADDED from src/main/AndroidManifest.xml:45:13-45
	android:windowSoftInputMode
		ADDED from src/main/AndroidManifest.xml:46:13-54
	android:configChanges
		ADDED from src/main/AndroidManifest.xml:44:13-74
	android:name
		ADDED from src/main/AndroidManifest.xml:43:13-56
intent-filter#android.intent.action.MAIN+android.intent.category.LAUNCHER
ADDED from src/main/AndroidManifest.xml:47:13-51:29
action#android.intent.action.MAIN
ADDED from src/main/AndroidManifest.xml:48:17-69
	android:name
		ADDED from src/main/AndroidManifest.xml:48:25-66
category#android.intent.category.LAUNCHER
ADDED from src/main/AndroidManifest.xml:50:17-77
	android:name
		ADDED from src/main/AndroidManifest.xml:50:27-74
activity#com.nordicsemi.nrfUARTv2.BleActivity
ADDED from src/main/AndroidManifest.xml:55:9-59:57
	android:label
		ADDED from src/main/AndroidManifest.xml:58:13-45
	android:windowSoftInputMode
		ADDED from src/main/AndroidManifest.xml:59:13-54
	android:configChanges
		ADDED from src/main/AndroidManifest.xml:57:13-74
	android:name
		ADDED from src/main/AndroidManifest.xml:56:13-40
activity#com.nordicsemi.nrfUARTv2.DeviceListActivity
ADDED from src/main/AndroidManifest.xml:60:9-63:59
	android:label
		ADDED from src/main/AndroidManifest.xml:62:13-45
	android:theme
		ADDED from src/main/AndroidManifest.xml:63:13-56
	android:name
		ADDED from src/main/AndroidManifest.xml:61:13-47
activity#com.nordicsemi.User.StartLogoActivity
ADDED from src/main/AndroidManifest.xml:64:9-74
	android:name
		ADDED from src/main/AndroidManifest.xml:64:19-71
activity#com.nordicsemi.User.StartInfoActivity
ADDED from src/main/AndroidManifest.xml:65:9-74
	android:name
		ADDED from src/main/AndroidManifest.xml:65:19-71
activity#com.nordicsemi.User.HowHighActivity
ADDED from src/main/AndroidManifest.xml:66:9-72
	android:name
		ADDED from src/main/AndroidManifest.xml:66:19-69
activity#com.nordicsemi.User.WhatYourSexActivity
ADDED from src/main/AndroidManifest.xml:67:9-76
	android:name
		ADDED from src/main/AndroidManifest.xml:67:19-73
activity#com.nordicsemi.User.WhatYourWeight
ADDED from src/main/AndroidManifest.xml:68:9-71
	android:name
		ADDED from src/main/AndroidManifest.xml:68:19-68
activity#com.nordicsemi.User.LoginActivity
ADDED from src/main/AndroidManifest.xml:69:9-70
	android:name
		ADDED from src/main/AndroidManifest.xml:69:19-67
activity#com.nordicsemi.User.WhatYourBirthday
ADDED from src/main/AndroidManifest.xml:70:9-73
	android:name
		ADDED from src/main/AndroidManifest.xml:70:19-70
activity#com.nordicsemi.User.UserRegistActivity
ADDED from src/main/AndroidManifest.xml:71:9-75
	android:name
		ADDED from src/main/AndroidManifest.xml:71:19-72
activity#com.nordicsemi.User.MainUserUI
ADDED from src/main/AndroidManifest.xml:72:9-67
	android:name
		ADDED from src/main/AndroidManifest.xml:72:19-64
activity#com.nordicsemi.User.MainTopRightDialog
ADDED from src/main/AndroidManifest.xml:73:9-75
	android:name
		ADDED from src/main/AndroidManifest.xml:73:19-72
activity#com.nordicsemi.User.ExitFromSettings
ADDED from src/main/AndroidManifest.xml:74:9-73
	android:name
		ADDED from src/main/AndroidManifest.xml:74:19-70
receiver#com.nordicsemi.Myfiles.PhoneStatReceiver
ADDED from src/main/AndroidManifest.xml:78:9-83:20
	android:name
		ADDED from src/main/AndroidManifest.xml:78:19-74
intent-filter#android.intent.action.NEW_OUTGOING_CALL+android.intent.action.PHONE_STATE
ADDED from src/main/AndroidManifest.xml:79:13-82:29
action#android.intent.action.PHONE_STATE
ADDED from src/main/AndroidManifest.xml:80:17-76
	android:name
		ADDED from src/main/AndroidManifest.xml:80:25-73
action#android.intent.action.NEW_OUTGOING_CALL
ADDED from src/main/AndroidManifest.xml:81:17-82
	android:name
		ADDED from src/main/AndroidManifest.xml:81:25-79
receiver#com.nordicsemi.Myfiles.SmsReceiverToast
ADDED from src/main/AndroidManifest.xml:85:9-91:20
	android:name
		ADDED from src/main/AndroidManifest.xml:85:19-73
intent-filter#android.provider.Telephony.SMS_RECEIVED
ADDED from src/main/AndroidManifest.xml:88:13-90:29
action#android.provider.Telephony.SMS_RECEIVED
ADDED from src/main/AndroidManifest.xml:89:17-82
	android:name
		ADDED from src/main/AndroidManifest.xml:89:25-79
service#com.nordicsemi.nrfUARTv2.UartService
ADDED from src/main/AndroidManifest.xml:93:9-95:38
	android:enabled
		ADDED from src/main/AndroidManifest.xml:95:13-35
	android:name
		ADDED from src/main/AndroidManifest.xml:94:13-40
activity#com.nordicsemi.User.ResetPassword
ADDED from src/main/AndroidManifest.xml:97:9-70
	android:name
		ADDED from src/main/AndroidManifest.xml:97:19-67
activity#com.nordicsemi.User.Measure
ADDED from src/main/AndroidManifest.xml:98:9-73
	android:name
		ADDED from src/main/AndroidManifest.xml:98:19-61